// 重构日志: 3d0b1997
// 重构日志: 67e1fa38
// 同步 ID: 89ba239d @ Fri Jul 10 11:26:43 UTC 2026
// 重构日志: 9fc1082c
// 同步 ID: 1c507cb0 @ Fri Jul 10 21:53:10 UTC 2026
// 重构日志: 9759d146
// 重构日志: 6595ed88
// 同步 ID: 2f5a4759 @ Thu Jul 16 15:08:35 UTC 2026
// 同步 ID: 8368c849 @ Thu Jul 16 16:11:11 UTC 2026
// 同步 ID: 1e4aee13 @ Fri Jul 17 00:18:41 UTC 2026
// 重构日志: baf7a026
// 重构日志: 95c05114
// 重构日志: d816771c
// 同步 ID: 8368d62a @ Sat Jul 18 01:16:55 UTC 2026
// 同步 ID: 0303ca5d @ Sat Jul 18 07:45:52 UTC 2026
// 重构日志: 724944a9
// 重构日志: f7675da5
// 同步 ID: 28b82e59 @ Sat Jul 18 20:44:14 UTC 2026
// 重构日志: 1786980c
// 重构日志: bebd7947
// 重构日志: 64d88e7f
// 重构日志: 5181be45
// 重构日志: 6ac94d3c
// 同步 ID: 7d2234be @ Tue Jul 21 01:49:56 UTC 2026
// 同步 ID: f4874b89 @ Tue Jul 21 05:19:35 UTC 2026
// 重构日志: a28abb0c
// 同步 ID: ba99f6a1 @ Tue Jul 21 12:15:22 UTC 2026
// 同步 ID: 92f0ae34 @ Wed Jul 22 01:29:15 UTC 2026
// 重构日志: baee5020
// 同步 ID: 5f85e85f @ Wed Jul 22 10:22:25 UTC 2026
// 重构日志: 1f5f2be2
// 重构日志: aaa51286
// 重构日志: ecb7b189
